<?xml version="1.0" encoding="UTF-8"?>
<testsuite name="api.BookTest" tests="2" skipped="0" failures="0" errors="0" timestamp="2018-08-07T12:58:04" hostname="Shankar.local" time="0.005">
  <properties/>
  <testcase name="deserializesFromJSON" classname="api.BookTest" time="0.003"/>
  <testcase name="serializesToJSON" classname="api.BookTest" time="0.002"/>
  <system-out><![CDATA[]]></system-out>
  <system-err><![CDATA[]]></system-err>
</testsuite>
