<?xml version="1.0" encoding="UTF-8"?>
<testsuite name="ResourceTest.BookResourceTest" tests="2" skipped="0" failures="0" errors="0" timestamp="2018-08-08T13:27:00" hostname="Shankar.local" time="0.049">
  <properties/>
  <testcase name="getBookByAuthIdTest" classname="ResourceTest.BookResourceTest" time="0.047"/>
  <testcase name="getAllBookTest" classname="ResourceTest.BookResourceTest" time="0.002"/>
  <system-out><![CDATA[
Expected : [{bookId=233, bookName=Harry Potter, author={authId=1, authName=shankar}, rating=2}, {bookId=233, bookName=Hamlet, author={authId=1, authName=shankar}, rating=5}]
Actual : [{bookId=233, bookName=Harry Potter, author={authId=1, authName=shankar}, rating=2}, {bookId=233, bookName=Hamlet, author={authId=1, authName=shankar}, rating=5}]

Expected : [{bookId=233, bookName=Harry Potter, author={authId=1, authName=shankar}, rating=2}, {bookId=233, bookName=Hamlet, author={authId=1, authName=shankar}, rating=5}]
Actual : [{bookId=233, bookName=Harry Potter, author={authId=1, authName=shankar}, rating=2}, {bookId=233, bookName=Hamlet, author={authId=1, authName=shankar}, rating=5}]
]]></system-out>
  <system-err><![CDATA[]]></system-err>
</testsuite>
