<?xml version="1.0" encoding="UTF-8"?>
<testsuite name="ResourceTest.AuthorResourceTest" tests="1" skipped="0" failures="0" errors="0" timestamp="2018-08-08T13:26:59" hostname="Shankar.local" time="0.257">
  <properties/>
  <testcase name="getAuthorTest" classname="ResourceTest.AuthorResourceTest" time="0.257"/>
  <system-out><![CDATA[18:56:59.104 [Test worker] DEBUG org.jboss.logging - Logging Provider: org.jboss.logging.Slf4jLoggerProvider
18:56:59.107 [Test worker] INFO org.hibernate.validator.internal.util.Version - HV000001: Hibernate Validator 5.4.2.Final
18:56:59.126 [Test worker] DEBUG org.hibernate.validator.internal.engine.resolver.DefaultTraversableResolver - Found javax.persistence.Persistence on classpath containing 'getPersistenceUtil'. Assuming JPA 2 environment. Trying to instantiate JPA aware TraversableResolver
18:56:59.127 [Test worker] DEBUG org.hibernate.validator.internal.engine.resolver.DefaultTraversableResolver - Instantiated JPA aware TraversableResolver of type org.hibernate.validator.internal.engine.resolver.JPATraversableResolver.
18:56:59.131 [Test worker] DEBUG org.hibernate.validator.internal.engine.ConfigurationImpl - Setting custom ParameterNameProvider of type io.dropwizard.jersey.validation.JerseyParameterNameProvider
18:56:59.133 [Test worker] DEBUG org.hibernate.validator.internal.xml.ValidationXmlParser - Trying to load META-INF/validation.xml for XML based Validator configuration.
18:56:59.134 [Test worker] DEBUG org.hibernate.validator.internal.xml.ResourceLoaderHelper - Trying to load META-INF/validation.xml via TCCL
18:56:59.135 [Test worker] DEBUG org.hibernate.validator.internal.xml.ResourceLoaderHelper - Trying to load META-INF/validation.xml via Hibernate Validator's class loader
18:56:59.135 [Test worker] DEBUG org.hibernate.validator.internal.xml.ValidationXmlParser - No META-INF/validation.xml found. Using annotation based configuration only.
io.dropwizard.testing.junit.ResourceTestRule@619f0c9f
Mock for AuthorDAO, hashCode: 727485053

Expected : Author(id=null, authId=1, authName=Shankar)
Actual : Author(id=null, authId=1, authName=Shankar)
]]></system-out>
  <system-err><![CDATA[]]></system-err>
</testsuite>
