<?xml version="1.0" encoding="UTF-8"?>
<testsuite name="api.AuthorTest" tests="2" skipped="0" failures="0" errors="0" timestamp="2018-08-08T13:27:00" hostname="Shankar.local" time="0.006">
  <properties/>
  <testcase name="deserializesFromJSON" classname="api.AuthorTest" time="0.002"/>
  <testcase name="serializesToJSON" classname="api.AuthorTest" time="0.004"/>
  <system-out><![CDATA[]]></system-out>
  <system-err><![CDATA[]]></system-err>
</testsuite>
